<?xml version="1.0" encoding="UTF-8"?>
<!-- Generated by org.testng.reporters.JUnitReportReporter -->
<testsuite skipped="0" hostname="radhaswami-PC" name="com.restpi.tests.PostCall" tests="1" failures="0" timestamp="16 Sep 2018 11:26:15 GMT" time="1.977" errors="0">
  <testcase name="testCreateUserApi" time="1.977" classname="com.restpi.tests.PostCall"/>
</testsuite> <!-- com.restpi.tests.PostCall -->
