<?xml version="1.0" encoding="UTF-8"?>
<!-- Generated by org.testng.reporters.JUnitReportReporter -->
<testsuite skipped="0" hostname="radhaswami-PC" name="com.restpi.tests.UpdateCall" tests="1" failures="0" timestamp="16 Sep 2018 12:29:13 GMT" time="2.037" errors="0">
  <testcase name="testUpdateUserApi" time="2.037" classname="com.restpi.tests.UpdateCall"/>
</testsuite> <!-- com.restpi.tests.UpdateCall -->
