<?xml version="1.0" encoding="UTF-8"?>
<!-- Generated by org.testng.reporters.JUnitReportReporter -->
<testsuite skipped="0" hostname="radhaswami-PC" name="com.restpi.tests.getCalls" tests="2" failures="0" timestamp="15 Sep 2018 18:25:05 GMT" time="2.231" errors="0">
  <testcase name="listAllUsersApi" time="1.591" classname="com.restpi.tests.getCalls"/>
  <testcase name="testSingleUserDetailsApi" time="0.640" classname="com.restpi.tests.getCalls"/>
</testsuite> <!-- com.restpi.tests.getCalls -->
